2026-05-08 18:26:10,606 - INFO - Timeout fetched : 10
2026-05-08 18:26:10,613 - INFO - ========================================
2026-05-08 18:26:10,613 - INFO - STARTING SCENARIO : Successful Signup
2026-05-08 18:26:10,613 - INFO - Browser fetched : edge
2026-05-08 18:26:10,613 - INFO - Base URL fetched : https://www.demoblaze.com/
2026-05-08 18:26:10,613 - INFO - Implicit wait fetched : 5
2026-05-08 18:26:10,613 - INFO - Headless mode : False
2026-05-08 18:26:10,613 - INFO - Launching Edge Browser
2026-05-08 18:26:14,051 - INFO - Browser Opened & Maximized Successfully
2026-05-08 18:26:14,052 - INFO - Demoblaze URL loaded
2026-05-08 18:26:14,053 - INFO - Step: Click Signup menu
2026-05-08 18:26:14,053 - INFO - Clicking Signup Menu
2026-05-08 18:26:14,053 - INFO - Waiting for element clickable : ('link text', 'Sign up')
2026-05-08 18:26:14,115 - INFO - Element clickable successfully : ('link text', 'Sign up')
2026-05-08 18:26:14,316 - INFO - Step: Enter Username: ArpitDas218
2026-05-08 18:26:14,316 - INFO - Entering Username : ArpitDas218
2026-05-08 18:26:14,316 - INFO - Waiting for element visibility : ('id', 'sign-username')
2026-05-08 18:26:14,969 - INFO - Element visible successfully : ('id', 'sign-username')
2026-05-08 18:26:15,359 - INFO - Step: Enter Password: Abc@123
2026-05-08 18:26:15,359 - INFO - Entering Password
2026-05-08 18:26:15,359 - INFO - Waiting for element visibility : ('id', 'sign-password')
2026-05-08 18:26:15,401 - INFO - Element visible successfully : ('id', 'sign-password')
2026-05-08 18:26:15,592 - INFO - Step: Click Signup Button
2026-05-08 18:26:15,592 - INFO - Clicking Signup Button
2026-05-08 18:26:15,592 - INFO - Waiting for element clickable : ('xpath', "//button[text()='Sign up']")
2026-05-08 18:26:15,629 - INFO - Element clickable successfully : ('xpath', "//button[text()='Sign up']")
2026-05-08 18:26:15,745 - INFO - Step : Verify Successful Sign Up Message
2026-05-08 18:26:15,745 - INFO - Verifying SignUp Alert
2026-05-08 18:26:15,745 - INFO - Waiting for alert
2026-05-08 18:26:17,175 - INFO - Alert appeared successfully
2026-05-08 18:26:17,176 - INFO - Alert Message : This user already exist.
2026-05-08 18:26:17,243 - INFO - Scenario Status : Status.error
2026-05-08 18:26:17,243 - INFO - SCENARIO PASSED : Successful Signup
2026-05-08 18:26:19,853 - INFO - Browser Closed Successfully
2026-05-08 18:26:19,853 - INFO - ========================================
2026-05-11 00:04:06,504 - INFO - Timeout fetched : 10
2026-05-11 00:04:06,561 - INFO - ========================================
2026-05-11 00:04:06,561 - INFO - STARTING SCENARIO : Successful Signup
2026-05-11 00:04:06,562 - INFO - Browser fetched : edge
2026-05-11 00:04:06,562 - INFO - Base URL fetched : https://www.demoblaze.com/
2026-05-11 00:04:06,562 - INFO - Implicit wait fetched : 5
2026-05-11 00:04:06,562 - INFO - Headless mode : False
2026-05-11 00:04:06,562 - INFO - Launching Edge Browser
2026-05-11 00:04:13,748 - INFO - Browser Opened & Maximized Successfully
2026-05-11 00:04:13,757 - INFO - Demoblaze URL loaded
2026-05-11 00:04:13,763 - INFO - Step: Click Signup menu
2026-05-11 00:04:13,763 - INFO - Clicking Signup Menu
2026-05-11 00:04:13,763 - INFO - Waiting for element clickable : ('link text', 'Sign up')
2026-05-11 00:04:14,049 - INFO - Element clickable successfully : ('link text', 'Sign up')
2026-05-11 00:04:14,171 - INFO - Step: Enter Username: ArpitDas218
2026-05-11 00:04:14,171 - INFO - Entering Username : ArpitDas218
2026-05-11 00:04:14,171 - INFO - Waiting for element visibility : ('id', 'sign-username')
2026-05-11 00:04:14,728 - INFO - Element visible successfully : ('id', 'sign-username')
2026-05-11 00:04:14,908 - INFO - Step: Enter Password: Abc@123
2026-05-11 00:04:14,908 - INFO - Entering Password
2026-05-11 00:04:14,908 - INFO - Waiting for element visibility : ('id', 'sign-password')
2026-05-11 00:04:14,928 - INFO - Element visible successfully : ('id', 'sign-password')
2026-05-11 00:04:15,056 - INFO - Step: Click Signup Button
2026-05-11 00:04:15,056 - INFO - Clicking Signup Button
2026-05-11 00:04:15,056 - INFO - Waiting for element clickable : ('xpath', "//button[text()='Sign up']")
2026-05-11 00:04:15,105 - INFO - Element clickable successfully : ('xpath', "//button[text()='Sign up']")
2026-05-11 00:04:15,169 - INFO - Step : Verify Successful Sign Up Message
2026-05-11 00:04:15,169 - INFO - Verifying SignUp Alert
2026-05-11 00:04:15,169 - INFO - Waiting for alert
2026-05-11 00:04:16,180 - INFO - Alert appeared successfully
2026-05-11 00:04:16,181 - INFO - Alert Message : This user already exist.
2026-05-11 00:04:16,770 - INFO - Scenario Status : Status.error
2026-05-11 00:04:16,770 - INFO - SCENARIO PASSED : Successful Signup
2026-05-11 00:04:17,450 - INFO - Browser Closed Successfully
2026-05-11 00:04:17,450 - INFO - ========================================
2026-05-11 00:28:51,615 - INFO - Timeout fetched : 10
2026-05-11 00:28:51,628 - INFO - ========================================
2026-05-11 00:28:51,628 - INFO - STARTING SCENARIO : Successful Signup
2026-05-11 00:28:51,628 - INFO - Browser fetched : edge
2026-05-11 00:28:51,628 - INFO - Base URL fetched : https://www.demoblaze.com/
2026-05-11 00:28:51,628 - INFO - Implicit wait fetched : 5
2026-05-11 00:28:51,628 - INFO - Headless mode : False
2026-05-11 00:28:51,629 - INFO - Launching Edge Browser
2026-05-11 00:28:55,304 - INFO - Browser Opened & Maximized Successfully
2026-05-11 00:28:55,305 - INFO - Demoblaze URL loaded
2026-05-11 00:28:55,307 - INFO - Step: Click Signup menu
2026-05-11 00:28:55,377 - INFO - Clicking Signup Menu
2026-05-11 00:28:55,378 - INFO - Waiting for element clickable : ('link text', 'Sign up')
2026-05-11 00:28:55,435 - INFO - Element clickable successfully : ('link text', 'Sign up')
2026-05-11 00:28:55,567 - INFO - Step: Enter Username: ArpitDas218
2026-05-11 00:28:55,567 - INFO - Entering Username : ArpitDas218
2026-05-11 00:28:55,567 - INFO - Waiting for element visibility : ('id', 'sign-username')
2026-05-11 00:28:56,140 - INFO - Element visible successfully : ('id', 'sign-username')
2026-05-11 00:28:56,402 - INFO - Step: Enter Password: Abc@123
2026-05-11 00:28:56,402 - INFO - Entering Password
2026-05-11 00:28:56,402 - INFO - Waiting for element visibility : ('id', 'sign-password')
2026-05-11 00:28:56,422 - INFO - Element visible successfully : ('id', 'sign-password')
2026-05-11 00:28:56,541 - INFO - Step: Click Signup Button
2026-05-11 00:28:56,541 - INFO - Clicking Signup Button
2026-05-11 00:28:56,542 - INFO - Waiting for element clickable : ('xpath', "//button[text()='Sign up']")
2026-05-11 00:28:56,577 - INFO - Element clickable successfully : ('xpath', "//button[text()='Sign up']")
2026-05-11 00:28:56,692 - INFO - Step : Verify Successful Sign Up Message
2026-05-11 00:28:56,692 - INFO - Verifying SignUp Alert
2026-05-11 00:28:56,692 - INFO - Waiting for alert
2026-05-11 00:28:57,700 - INFO - Alert appeared successfully
2026-05-11 00:28:57,701 - INFO - Alert Message : This user already exist.
2026-05-11 00:28:57,721 - INFO - Scenario Status : Status.error
2026-05-11 00:28:57,721 - INFO - SCENARIO PASSED : Successful Signup
2026-05-11 00:29:00,300 - INFO - Browser Closed Successfully
2026-05-11 00:29:00,300 - INFO - ========================================
2026-05-11 00:48:53,852 - INFO - Timeout fetched : 10
2026-05-11 00:48:53,865 - INFO - ========================================
2026-05-11 00:48:53,865 - INFO - STARTING SCENARIO : Valid Login
2026-05-11 00:48:53,865 - INFO - Browser fetched : edge
2026-05-11 00:48:53,866 - INFO - Base URL fetched : https://www.demoblaze.com/
2026-05-11 00:48:53,866 - INFO - Implicit wait fetched : 5
2026-05-11 00:48:53,866 - INFO - Headless mode : False
2026-05-11 00:48:53,866 - INFO - Launching Edge Browser
2026-05-11 00:48:57,415 - INFO - Browser Opened & Maximized Successfully
2026-05-11 00:48:57,416 - INFO - Scenario Status : Status.error
2026-05-11 00:48:57,417 - INFO - SCENARIO PASSED : Valid Login
2026-05-11 00:48:59,808 - INFO - Browser Closed Successfully
2026-05-11 00:48:59,808 - INFO - ========================================
2026-05-11 00:48:59,811 - INFO - ========================================
2026-05-11 00:48:59,811 - INFO - STARTING SCENARIO : Invalid Login with incorrect credentials -- @1.1 
2026-05-11 00:48:59,811 - INFO - Browser fetched : edge
2026-05-11 00:48:59,811 - INFO - Base URL fetched : https://www.demoblaze.com/
2026-05-11 00:48:59,812 - INFO - Implicit wait fetched : 5
2026-05-11 00:48:59,812 - INFO - Headless mode : False
2026-05-11 00:48:59,812 - INFO - Launching Edge Browser
2026-05-11 00:49:03,413 - INFO - Browser Opened & Maximized Successfully
2026-05-11 00:49:03,414 - INFO - Scenario Status : Status.error
2026-05-11 00:49:03,415 - INFO - SCENARIO PASSED : Invalid Login with incorrect credentials -- @1.1 
2026-05-11 00:49:06,837 - INFO - Browser Closed Successfully
2026-05-11 00:49:06,837 - INFO - ========================================
2026-05-11 00:49:06,840 - INFO - ========================================
2026-05-11 00:49:06,840 - INFO - STARTING SCENARIO : Invalid Login with incorrect credentials -- @1.2 
2026-05-11 00:49:06,840 - INFO - Browser fetched : edge
2026-05-11 00:49:06,840 - INFO - Base URL fetched : https://www.demoblaze.com/
2026-05-11 00:49:06,840 - INFO - Implicit wait fetched : 5
2026-05-11 00:49:06,841 - INFO - Headless mode : False
2026-05-11 00:49:06,841 - INFO - Launching Edge Browser
2026-05-11 00:49:10,549 - INFO - Browser Opened & Maximized Successfully
2026-05-11 00:49:10,567 - INFO - Scenario Status : Status.error
2026-05-11 00:49:10,567 - INFO - SCENARIO PASSED : Invalid Login with incorrect credentials -- @1.2 
2026-05-11 00:49:14,153 - INFO - Browser Closed Successfully
2026-05-11 00:49:14,153 - INFO - ========================================
2026-05-11 00:49:14,157 - INFO - ========================================
2026-05-11 00:49:14,157 - INFO - STARTING SCENARIO : Invalid Login with incorrect credentials -- @1.3 
2026-05-11 00:49:14,157 - INFO - Browser fetched : edge
2026-05-11 00:49:14,157 - INFO - Base URL fetched : https://www.demoblaze.com/
2026-05-11 00:49:14,157 - INFO - Implicit wait fetched : 5
2026-05-11 00:49:14,157 - INFO - Headless mode : False
2026-05-11 00:49:14,157 - INFO - Launching Edge Browser
2026-05-11 00:49:18,037 - INFO - Browser Opened & Maximized Successfully
2026-05-11 00:49:18,046 - INFO - Scenario Status : Status.error
2026-05-11 00:49:18,046 - INFO - SCENARIO PASSED : Invalid Login with incorrect credentials -- @1.3 
2026-05-11 00:49:22,710 - INFO - Browser Closed Successfully
2026-05-11 00:49:22,710 - INFO - ========================================
2026-05-11 00:49:22,713 - INFO - ========================================
2026-05-11 00:49:22,713 - INFO - STARTING SCENARIO : Login with empty fields -- @1.1 
2026-05-11 00:49:22,713 - INFO - Browser fetched : edge
2026-05-11 00:49:22,713 - INFO - Base URL fetched : https://www.demoblaze.com/
2026-05-11 00:49:22,713 - INFO - Implicit wait fetched : 5
2026-05-11 00:49:22,713 - INFO - Headless mode : False
2026-05-11 00:49:22,713 - INFO - Launching Edge Browser
2026-05-11 00:49:26,206 - INFO - Browser Opened & Maximized Successfully
2026-05-11 00:49:26,211 - INFO - Scenario Status : Status.error
2026-05-11 00:49:26,211 - INFO - SCENARIO PASSED : Login with empty fields -- @1.1 
2026-05-11 00:49:29,657 - INFO - Browser Closed Successfully
2026-05-11 00:49:29,657 - INFO - ========================================
2026-05-11 00:49:29,660 - INFO - ========================================
2026-05-11 00:49:29,660 - INFO - STARTING SCENARIO : Login with empty fields -- @1.2 
2026-05-11 00:49:29,660 - INFO - Browser fetched : edge
2026-05-11 00:49:29,660 - INFO - Base URL fetched : https://www.demoblaze.com/
2026-05-11 00:49:29,660 - INFO - Implicit wait fetched : 5
2026-05-11 00:49:29,660 - INFO - Headless mode : False
2026-05-11 00:49:29,660 - INFO - Launching Edge Browser
2026-05-11 00:49:33,240 - INFO - Browser Opened & Maximized Successfully
2026-05-11 00:49:33,250 - INFO - Scenario Status : Status.error
2026-05-11 00:49:33,250 - INFO - SCENARIO PASSED : Login with empty fields -- @1.2 
2026-05-11 00:49:36,725 - INFO - Browser Closed Successfully
2026-05-11 00:49:36,725 - INFO - ========================================
2026-05-11 00:49:36,728 - INFO - ========================================
2026-05-11 00:49:36,728 - INFO - STARTING SCENARIO : Login with empty fields -- @1.3 
2026-05-11 00:49:36,728 - INFO - Browser fetched : edge
2026-05-11 00:49:36,728 - INFO - Base URL fetched : https://www.demoblaze.com/
2026-05-11 00:49:36,728 - INFO - Implicit wait fetched : 5
2026-05-11 00:49:36,728 - INFO - Headless mode : False
2026-05-11 00:49:36,728 - INFO - Launching Edge Browser
2026-05-11 00:49:40,626 - INFO - Browser Opened & Maximized Successfully
2026-05-11 00:49:40,631 - INFO - Scenario Status : Status.error
2026-05-11 00:49:40,631 - INFO - SCENARIO PASSED : Login with empty fields -- @1.3 
2026-05-11 00:49:41,946 - INFO - Browser Closed Successfully
2026-05-11 00:49:41,946 - INFO - ========================================
2026-05-11 00:49:41,950 - INFO - ========================================
2026-05-11 00:49:41,950 - INFO - STARTING SCENARIO : Logout functionality
2026-05-11 00:49:41,950 - INFO - Browser fetched : edge
2026-05-11 00:49:41,950 - INFO - Base URL fetched : https://www.demoblaze.com/
2026-05-11 00:49:41,951 - INFO - Implicit wait fetched : 5
2026-05-11 00:49:41,951 - INFO - Headless mode : False
2026-05-11 00:49:41,951 - INFO - Launching Edge Browser
2026-05-11 00:49:45,727 - INFO - Browser Opened & Maximized Successfully
2026-05-11 00:49:45,789 - INFO - Scenario Status : Status.error
2026-05-11 00:49:45,789 - INFO - SCENARIO PASSED : Logout functionality
2026-05-11 00:49:49,232 - INFO - Browser Closed Successfully
2026-05-11 00:49:49,232 - INFO - ========================================
2026-05-11 00:49:49,239 - INFO - ========================================
2026-05-11 00:49:49,239 - INFO - STARTING SCENARIO : Successful Product Purchase
2026-05-11 00:49:49,239 - INFO - Browser fetched : edge
2026-05-11 00:49:49,239 - INFO - Base URL fetched : https://www.demoblaze.com/
2026-05-11 00:49:49,239 - INFO - Implicit wait fetched : 5
2026-05-11 00:49:49,239 - INFO - Headless mode : False
2026-05-11 00:49:49,239 - INFO - Launching Edge Browser
2026-05-11 00:49:52,965 - INFO - Browser Opened & Maximized Successfully
2026-05-11 00:49:52,966 - INFO - Demoblaze URL loaded
2026-05-11 00:49:52,967 - INFO - Scenario Status : Status.error
2026-05-11 00:49:52,967 - INFO - SCENARIO PASSED : Successful Product Purchase
2026-05-11 00:49:54,635 - INFO - Browser Closed Successfully
2026-05-11 00:49:54,635 - INFO - ========================================
2026-05-11 00:49:54,642 - INFO - ========================================
2026-05-11 00:49:54,642 - INFO - STARTING SCENARIO : Add multiple products to cart -- @1.1 
2026-05-11 00:49:54,642 - INFO - Browser fetched : edge
2026-05-11 00:49:54,642 - INFO - Base URL fetched : https://www.demoblaze.com/
2026-05-11 00:49:54,642 - INFO - Implicit wait fetched : 5
2026-05-11 00:49:54,642 - INFO - Headless mode : False
2026-05-11 00:49:54,642 - INFO - Launching Edge Browser
2026-05-11 00:49:58,213 - INFO - Browser Opened & Maximized Successfully
2026-05-11 00:49:58,214 - INFO - Demoblaze URL loaded
2026-05-11 00:49:58,215 - INFO - Scenario Status : Status.error
2026-05-11 00:49:58,215 - INFO - SCENARIO PASSED : Add multiple products to cart -- @1.1 
2026-05-11 00:50:01,983 - INFO - Browser Closed Successfully
2026-05-11 00:50:01,983 - INFO - ========================================
2026-05-11 00:50:01,986 - INFO - ========================================
2026-05-11 00:50:01,986 - INFO - STARTING SCENARIO : Add multiple products to cart -- @1.2 
2026-05-11 00:50:01,986 - INFO - Browser fetched : edge
2026-05-11 00:50:01,986 - INFO - Base URL fetched : https://www.demoblaze.com/
2026-05-11 00:50:01,986 - INFO - Implicit wait fetched : 5
2026-05-11 00:50:01,986 - INFO - Headless mode : False
2026-05-11 00:50:01,986 - INFO - Launching Edge Browser
2026-05-11 00:50:05,427 - INFO - Browser Opened & Maximized Successfully
2026-05-11 00:50:05,428 - INFO - Demoblaze URL loaded
2026-05-11 00:50:05,434 - INFO - Scenario Status : Status.error
2026-05-11 00:50:05,434 - INFO - SCENARIO PASSED : Add multiple products to cart -- @1.2 
2026-05-11 00:50:09,833 - INFO - Browser Closed Successfully
2026-05-11 00:50:09,834 - INFO - ========================================
2026-05-11 00:50:09,836 - INFO - ========================================
2026-05-11 00:50:09,836 - INFO - STARTING SCENARIO : Add multiple products to cart -- @1.3 
2026-05-11 00:50:09,836 - INFO - Browser fetched : edge
2026-05-11 00:50:09,836 - INFO - Base URL fetched : https://www.demoblaze.com/
2026-05-11 00:50:09,837 - INFO - Implicit wait fetched : 5
2026-05-11 00:50:09,837 - INFO - Headless mode : False
2026-05-11 00:50:09,837 - INFO - Launching Edge Browser
2026-05-11 00:50:12,451 - INFO - Browser Opened & Maximized Successfully
2026-05-11 00:50:12,452 - INFO - Demoblaze URL loaded
2026-05-11 00:50:12,453 - INFO - Scenario Status : Status.error
2026-05-11 00:50:12,453 - INFO - SCENARIO PASSED : Add multiple products to cart -- @1.3 
2026-05-11 00:50:16,551 - INFO - Browser Closed Successfully
2026-05-11 00:50:16,552 - INFO - ========================================
2026-05-11 00:50:16,554 - INFO - ========================================
2026-05-11 00:50:16,554 - INFO - STARTING SCENARIO : Attempt purchase with empty order form
2026-05-11 00:50:16,554 - INFO - Browser fetched : edge
2026-05-11 00:50:16,554 - INFO - Base URL fetched : https://www.demoblaze.com/
2026-05-11 00:50:16,555 - INFO - Implicit wait fetched : 5
2026-05-11 00:50:16,555 - INFO - Headless mode : False
2026-05-11 00:50:16,555 - INFO - Launching Edge Browser
2026-05-11 00:50:20,337 - INFO - Browser Opened & Maximized Successfully
2026-05-11 00:50:20,338 - INFO - Demoblaze URL loaded
2026-05-11 00:50:20,342 - INFO - Scenario Status : Status.error
2026-05-11 00:50:20,342 - INFO - SCENARIO PASSED : Attempt purchase with empty order form
2026-05-11 00:50:24,402 - INFO - Browser Closed Successfully
2026-05-11 00:50:24,402 - INFO - ========================================
2026-05-11 00:50:24,405 - INFO - ========================================
2026-05-11 00:50:24,405 - INFO - STARTING SCENARIO : Remove product from cart
2026-05-11 00:50:24,405 - INFO - Browser fetched : edge
2026-05-11 00:50:24,405 - INFO - Base URL fetched : https://www.demoblaze.com/
2026-05-11 00:50:24,405 - INFO - Implicit wait fetched : 5
2026-05-11 00:50:24,405 - INFO - Headless mode : False
2026-05-11 00:50:24,405 - INFO - Launching Edge Browser
2026-05-11 00:50:28,187 - INFO - Browser Opened & Maximized Successfully
2026-05-11 00:50:28,188 - INFO - Demoblaze URL loaded
2026-05-11 00:50:28,190 - INFO - Scenario Status : Status.error
2026-05-11 00:50:28,190 - INFO - SCENARIO PASSED : Remove product from cart
2026-05-11 00:50:29,477 - INFO - Browser Closed Successfully
2026-05-11 00:50:29,477 - INFO - ========================================
2026-05-11 00:50:29,480 - INFO - ========================================
2026-05-11 00:50:29,481 - INFO - STARTING SCENARIO : Purchase different products -- @1.1 
2026-05-11 00:50:29,481 - INFO - Browser fetched : edge
2026-05-11 00:50:29,481 - INFO - Base URL fetched : https://www.demoblaze.com/
2026-05-11 00:50:29,481 - INFO - Implicit wait fetched : 5
2026-05-11 00:50:29,481 - INFO - Headless mode : False
2026-05-11 00:50:29,481 - INFO - Launching Edge Browser
2026-05-11 00:50:33,114 - INFO - Browser Opened & Maximized Successfully
2026-05-11 00:50:33,115 - INFO - Demoblaze URL loaded
2026-05-11 00:50:33,123 - INFO - Scenario Status : Status.error
2026-05-11 00:50:33,123 - INFO - SCENARIO PASSED : Purchase different products -- @1.1 
2026-05-11 00:50:37,129 - INFO - Browser Closed Successfully
2026-05-11 00:50:37,129 - INFO - ========================================
2026-05-11 00:50:37,132 - INFO - ========================================
2026-05-11 00:50:37,132 - INFO - STARTING SCENARIO : Purchase different products -- @1.2 
2026-05-11 00:50:37,132 - INFO - Browser fetched : edge
2026-05-11 00:50:37,132 - INFO - Base URL fetched : https://www.demoblaze.com/
2026-05-11 00:50:37,132 - INFO - Implicit wait fetched : 5
2026-05-11 00:50:37,133 - INFO - Headless mode : False
2026-05-11 00:50:37,133 - INFO - Launching Edge Browser
2026-05-11 00:50:40,330 - INFO - Browser Opened & Maximized Successfully
2026-05-11 00:50:40,331 - INFO - Demoblaze URL loaded
2026-05-11 00:50:40,332 - INFO - Scenario Status : Status.error
2026-05-11 00:50:40,332 - INFO - SCENARIO PASSED : Purchase different products -- @1.2 
2026-05-11 00:50:44,666 - INFO - Browser Closed Successfully
2026-05-11 00:50:44,666 - INFO - ========================================
2026-05-11 00:50:44,669 - INFO - ========================================
2026-05-11 00:50:44,669 - INFO - STARTING SCENARIO : Purchase different products -- @1.3 
2026-05-11 00:50:44,669 - INFO - Browser fetched : edge
2026-05-11 00:50:44,669 - INFO - Base URL fetched : https://www.demoblaze.com/
2026-05-11 00:50:44,670 - INFO - Implicit wait fetched : 5
2026-05-11 00:50:44,670 - INFO - Headless mode : False
2026-05-11 00:50:44,670 - INFO - Launching Edge Browser
2026-05-11 00:50:47,131 - INFO - Browser Opened & Maximized Successfully
2026-05-11 00:50:47,132 - INFO - Demoblaze URL loaded
2026-05-11 00:50:47,133 - INFO - Scenario Status : Status.error
2026-05-11 00:50:47,133 - INFO - SCENARIO PASSED : Purchase different products -- @1.3 
2026-05-11 00:50:50,843 - INFO - Browser Closed Successfully
2026-05-11 00:50:50,843 - INFO - ========================================
